[0.007s] Invoking command in '/home/eduardobarbosa/Documents/autonomous_fighting_robot/ros2/ws_robot/build/process_node': CMAKE_PREFIX_PATH=${CMAKE_PREFIX_PATH}:/opt/ros/jazzy DEBUGINFOD_URLS=https://debuginfod.ubuntu.com /usr/bin/cmake /home/eduardobarbosa/Documents/autonomous_fighting_robot/ros2/ws_robot/src/process_node -DCMAKE_INSTALL_PREFIX=/home/eduardobarbosa/Documents/autonomous_fighting_robot/ros2/ws_robot/install/process_node
[0.075s] -- The C compiler identification is GNU 13.3.0
[0.120s] -- The CXX compiler identification is GNU 13.3.0
[0.133s] -- Detecting C compiler ABI info
[0.192s] -- Detecting C compiler ABI info - done
[0.198s] -- Check for working C compiler: /usr/bin/cc - skipped
[0.198s] -- Detecting C compile features
[0.199s] -- Detecting C compile features - done
[0.207s] -- Detecting CXX compiler ABI info
[0.269s] -- Detecting CXX compiler ABI info - done
[0.275s] -- Check for working CXX compiler: /usr/bin/c++ - skipped
[0.275s] -- Detecting CXX compile features
[0.275s] -- Detecting CXX compile features - done
[0.278s] -- Found ament_cmake: 2.5.4 (/opt/ros/jazzy/share/ament_cmake/cmake)
[0.377s] -- Found Python3: /usr/bin/python3 (found version "3.12.3") found components: Interpreter 
[0.455s] -- Found rclcpp: 28.1.11 (/opt/ros/jazzy/share/rclcpp/cmake)
[0.488s] -- Found rosidl_generator_c: 4.6.6 (/opt/ros/jazzy/share/rosidl_generator_c/cmake)
[0.499s] -- Found rosidl_generator_cpp: 4.6.6 (/opt/ros/jazzy/share/rosidl_generator_cpp/cmake)
[0.513s] -- Using all available rosidl_typesupport_c: rosidl_typesupport_fastrtps_c;rosidl_typesupport_introspection_c
[0.527s] -- Using all available rosidl_typesupport_cpp: rosidl_typesupport_fastrtps_cpp;rosidl_typesupport_introspection_cpp
[0.587s] -- Found rmw_implementation_cmake: 7.3.2 (/opt/ros/jazzy/share/rmw_implementation_cmake/cmake)
[0.590s] -- Found rmw_fastrtps_cpp: 8.4.3 (/opt/ros/jazzy/share/rmw_fastrtps_cpp/cmake)
[0.654s] -- Found OpenSSL: /usr/lib/x86_64-linux-gnu/libcrypto.so (found version "3.0.13")  
[0.668s] -- Found FastRTPS: /opt/ros/jazzy/include (Required is at least version "2.13") 
[0.685s] -- Using RMW implementation 'rmw_fastrtps_cpp' as default
[0.741s] -- Found std_msgs: 5.3.6 (/opt/ros/jazzy/share/std_msgs/cmake)
[0.751s] -- Found ament_lint_auto: 0.17.3 (/opt/ros/jazzy/share/ament_lint_auto/cmake)
[0.821s] -- Added test 'cppcheck' to perform static code analysis on C / C++ code
[0.821s] -- Configured cppcheck include dirs: 
[0.822s] -- Configured cppcheck exclude dirs and/or files: 
[0.822s] -- Added test 'lint_cmake' to check CMake code style
[0.823s] -- Added test 'uncrustify' to check C / C++ code style
[0.823s] -- Configured uncrustify additional arguments: 
[0.823s] -- Added test 'xmllint' to check XML markup files
[0.824s] -- Configuring done (0.8s)
[0.829s] -- Generating done (0.0s)
[0.831s] -- Build files have been written to: /home/eduardobarbosa/Documents/autonomous_fighting_robot/ros2/ws_robot/build/process_node
[0.837s] Invoked command in '/home/eduardobarbosa/Documents/autonomous_fighting_robot/ros2/ws_robot/build/process_node' returned '0': CMAKE_PREFIX_PATH=${CMAKE_PREFIX_PATH}:/opt/ros/jazzy DEBUGINFOD_URLS=https://debuginfod.ubuntu.com /usr/bin/cmake /home/eduardobarbosa/Documents/autonomous_fighting_robot/ros2/ws_robot/src/process_node -DCMAKE_INSTALL_PREFIX=/home/eduardobarbosa/Documents/autonomous_fighting_robot/ros2/ws_robot/install/process_node
[0.838s] Invoking command in '/home/eduardobarbosa/Documents/autonomous_fighting_robot/ros2/ws_robot/build/process_node': CMAKE_PREFIX_PATH=${CMAKE_PREFIX_PATH}:/opt/ros/jazzy DEBUGINFOD_URLS=https://debuginfod.ubuntu.com /usr/bin/cmake --build /home/eduardobarbosa/Documents/autonomous_fighting_robot/ros2/ws_robot/build/process_node -- -j20 -l20
[0.873s] [ 50%] [32mBuilding CXX object CMakeFiles/process_node.dir/src/process_node.cpp.o[0m
[4.674s] [100%] [32m[1mLinking CXX executable process_node[0m
[4.813s] [100%] Built target process_node
[4.819s] Invoked command in '/home/eduardobarbosa/Documents/autonomous_fighting_robot/ros2/ws_robot/build/process_node' returned '0': CMAKE_PREFIX_PATH=${CMAKE_PREFIX_PATH}:/opt/ros/jazzy DEBUGINFOD_URLS=https://debuginfod.ubuntu.com /usr/bin/cmake --build /home/eduardobarbosa/Documents/autonomous_fighting_robot/ros2/ws_robot/build/process_node -- -j20 -l20
[4.820s] Invoking command in '/home/eduardobarbosa/Documents/autonomous_fighting_robot/ros2/ws_robot/build/process_node': CMAKE_PREFIX_PATH=${CMAKE_PREFIX_PATH}:/opt/ros/jazzy DEBUGINFOD_URLS=https://debuginfod.ubuntu.com /usr/bin/cmake --install /home/eduardobarbosa/Documents/autonomous_fighting_robot/ros2/ws_robot/build/process_node
[4.827s] -- Install configuration: ""
[4.827s] -- Installing: /home/eduardobarbosa/Documents/autonomous_fighting_robot/ros2/ws_robot/install/process_node/lib/process_node/process_node
[4.829s] -- Set non-toolchain portion of runtime path of "/home/eduardobarbosa/Documents/autonomous_fighting_robot/ros2/ws_robot/install/process_node/lib/process_node/process_node" to ""
[4.829s] -- Installing: /home/eduardobarbosa/Documents/autonomous_fighting_robot/ros2/ws_robot/install/process_node/share/ament_index/resource_index/package_run_dependencies/process_node
[4.829s] -- Installing: /home/eduardobarbosa/Documents/autonomous_fighting_robot/ros2/ws_robot/install/process_node/share/ament_index/resource_index/parent_prefix_path/process_node
[4.830s] -- Installing: /home/eduardobarbosa/Documents/autonomous_fighting_robot/ros2/ws_robot/install/process_node/share/process_node/environment/ament_prefix_path.sh
[4.830s] -- Installing: /home/eduardobarbosa/Documents/autonomous_fighting_robot/ros2/ws_robot/install/process_node/share/process_node/environment/ament_prefix_path.dsv
[4.830s] -- Installing: /home/eduardobarbosa/Documents/autonomous_fighting_robot/ros2/ws_robot/install/process_node/share/process_node/environment/path.sh
[4.830s] -- Installing: /home/eduardobarbosa/Documents/autonomous_fighting_robot/ros2/ws_robot/install/process_node/share/process_node/environment/path.dsv
[4.830s] -- Installing: /home/eduardobarbosa/Documents/autonomous_fighting_robot/ros2/ws_robot/install/process_node/share/process_node/local_setup.bash
[4.830s] -- Installing: /home/eduardobarbosa/Documents/autonomous_fighting_robot/ros2/ws_robot/install/process_node/share/process_node/local_setup.sh
[4.830s] -- Installing: /home/eduardobarbosa/Documents/autonomous_fighting_robot/ros2/ws_robot/install/process_node/share/process_node/local_setup.zsh
[4.830s] -- Installing: /home/eduardobarbosa/Documents/autonomous_fighting_robot/ros2/ws_robot/install/process_node/share/process_node/local_setup.dsv
[4.830s] -- Installing: /home/eduardobarbosa/Documents/autonomous_fighting_robot/ros2/ws_robot/install/process_node/share/process_node/package.dsv
[4.830s] -- Installing: /home/eduardobarbosa/Documents/autonomous_fighting_robot/ros2/ws_robot/install/process_node/share/ament_index/resource_index/packages/process_node
[4.830s] -- Installing: /home/eduardobarbosa/Documents/autonomous_fighting_robot/ros2/ws_robot/install/process_node/share/process_node/cmake/process_nodeConfig.cmake
[4.830s] -- Installing: /home/eduardobarbosa/Documents/autonomous_fighting_robot/ros2/ws_robot/install/process_node/share/process_node/cmake/process_nodeConfig-version.cmake
[4.831s] -- Installing: /home/eduardobarbosa/Documents/autonomous_fighting_robot/ros2/ws_robot/install/process_node/share/process_node/package.xml
[4.832s] Invoked command in '/home/eduardobarbosa/Documents/autonomous_fighting_robot/ros2/ws_robot/build/process_node' returned '0': CMAKE_PREFIX_PATH=${CMAKE_PREFIX_PATH}:/opt/ros/jazzy DEBUGINFOD_URLS=https://debuginfod.ubuntu.com /usr/bin/cmake --install /home/eduardobarbosa/Documents/autonomous_fighting_robot/ros2/ws_robot/build/process_node
