[0.007s] Invoking command in '/home/eduardobarbosa/Documents/autonomous_fighting_robot/ros2/ws_robot/build/sensores_robot': CMAKE_PREFIX_PATH=${CMAKE_PREFIX_PATH}:/opt/ros/jazzy DEBUGINFOD_URLS=https://debuginfod.ubuntu.com /usr/bin/cmake --build /home/eduardobarbosa/Documents/autonomous_fighting_robot/ros2/ws_robot/build/sensores_robot -- -j20 -l20
[0.063s] [ 25%] [32mBuilding CXX object CMakeFiles/sensores_distancia_node.dir/src/sensores_distancia_node.cpp.o[0m
[0.064s] [ 50%] [32mBuilding CXX object CMakeFiles/sensores_reflectancia_node.dir/src/sensores_reflectancia_node.cpp.o[0m
[2.248s] [ 75%] [32m[1mLinking CXX executable sensores_distancia_node[0m
[2.250s] [100%] [32m[1mLinking CXX executable sensores_reflectancia_node[0m
[2.367s] [100%] Built target sensores_distancia_node
[2.367s] [100%] Built target sensores_reflectancia_node
[2.375s] Invoked command in '/home/eduardobarbosa/Documents/autonomous_fighting_robot/ros2/ws_robot/build/sensores_robot' returned '0': CMAKE_PREFIX_PATH=${CMAKE_PREFIX_PATH}:/opt/ros/jazzy DEBUGINFOD_URLS=https://debuginfod.ubuntu.com /usr/bin/cmake --build /home/eduardobarbosa/Documents/autonomous_fighting_robot/ros2/ws_robot/build/sensores_robot -- -j20 -l20
[2.381s] Invoking command in '/home/eduardobarbosa/Documents/autonomous_fighting_robot/ros2/ws_robot/build/sensores_robot': CMAKE_PREFIX_PATH=${CMAKE_PREFIX_PATH}:/opt/ros/jazzy DEBUGINFOD_URLS=https://debuginfod.ubuntu.com /usr/bin/cmake --install /home/eduardobarbosa/Documents/autonomous_fighting_robot/ros2/ws_robot/build/sensores_robot
[2.388s] -- Install configuration: ""
[2.389s] -- Installing: /home/eduardobarbosa/Documents/autonomous_fighting_robot/ros2/ws_robot/install/sensores_robot/lib/sensores_robot/sensores_distancia_node
[2.389s] -- Set non-toolchain portion of runtime path of "/home/eduardobarbosa/Documents/autonomous_fighting_robot/ros2/ws_robot/install/sensores_robot/lib/sensores_robot/sensores_distancia_node" to ""
[2.389s] -- Installing: /home/eduardobarbosa/Documents/autonomous_fighting_robot/ros2/ws_robot/install/sensores_robot/lib/sensores_robot/sensores_reflectancia_node
[2.391s] -- Set non-toolchain portion of runtime path of "/home/eduardobarbosa/Documents/autonomous_fighting_robot/ros2/ws_robot/install/sensores_robot/lib/sensores_robot/sensores_reflectancia_node" to ""
[2.391s] -- Installing: /home/eduardobarbosa/Documents/autonomous_fighting_robot/ros2/ws_robot/install/sensores_robot/share/ament_index/resource_index/package_run_dependencies/sensores_robot
[2.391s] -- Installing: /home/eduardobarbosa/Documents/autonomous_fighting_robot/ros2/ws_robot/install/sensores_robot/share/ament_index/resource_index/parent_prefix_path/sensores_robot
[2.391s] -- Installing: /home/eduardobarbosa/Documents/autonomous_fighting_robot/ros2/ws_robot/install/sensores_robot/share/sensores_robot/environment/ament_prefix_path.sh
[2.391s] -- Installing: /home/eduardobarbosa/Documents/autonomous_fighting_robot/ros2/ws_robot/install/sensores_robot/share/sensores_robot/environment/ament_prefix_path.dsv
[2.392s] -- Installing: /home/eduardobarbosa/Documents/autonomous_fighting_robot/ros2/ws_robot/install/sensores_robot/share/sensores_robot/environment/path.sh
[2.392s] -- Installing: /home/eduardobarbosa/Documents/autonomous_fighting_robot/ros2/ws_robot/install/sensores_robot/share/sensores_robot/environment/path.dsv
[2.392s] -- Installing: /home/eduardobarbosa/Documents/autonomous_fighting_robot/ros2/ws_robot/install/sensores_robot/share/sensores_robot/local_setup.bash
[2.392s] -- Installing: /home/eduardobarbosa/Documents/autonomous_fighting_robot/ros2/ws_robot/install/sensores_robot/share/sensores_robot/local_setup.sh
[2.392s] -- Installing: /home/eduardobarbosa/Documents/autonomous_fighting_robot/ros2/ws_robot/install/sensores_robot/share/sensores_robot/local_setup.zsh
[2.393s] -- Installing: /home/eduardobarbosa/Documents/autonomous_fighting_robot/ros2/ws_robot/install/sensores_robot/share/sensores_robot/local_setup.dsv
[2.393s] -- Installing: /home/eduardobarbosa/Documents/autonomous_fighting_robot/ros2/ws_robot/install/sensores_robot/share/sensores_robot/package.dsv
[2.393s] -- Installing: /home/eduardobarbosa/Documents/autonomous_fighting_robot/ros2/ws_robot/install/sensores_robot/share/ament_index/resource_index/packages/sensores_robot
[2.393s] -- Installing: /home/eduardobarbosa/Documents/autonomous_fighting_robot/ros2/ws_robot/install/sensores_robot/share/sensores_robot/cmake/sensores_robotConfig.cmake
[2.393s] -- Installing: /home/eduardobarbosa/Documents/autonomous_fighting_robot/ros2/ws_robot/install/sensores_robot/share/sensores_robot/cmake/sensores_robotConfig-version.cmake
[2.394s] -- Installing: /home/eduardobarbosa/Documents/autonomous_fighting_robot/ros2/ws_robot/install/sensores_robot/share/sensores_robot/package.xml
[2.396s] Invoked command in '/home/eduardobarbosa/Documents/autonomous_fighting_robot/ros2/ws_robot/build/sensores_robot' returned '0': CMAKE_PREFIX_PATH=${CMAKE_PREFIX_PATH}:/opt/ros/jazzy DEBUGINFOD_URLS=https://debuginfod.ubuntu.com /usr/bin/cmake --install /home/eduardobarbosa/Documents/autonomous_fighting_robot/ros2/ws_robot/build/sensores_robot
