[0.007s] Invoking command in '/home/eduardobarbosa/Documents/autonomous_fighting_robot/ros2/ws_robot/build/process_node': CMAKE_PREFIX_PATH=${CMAKE_PREFIX_PATH}:/opt/ros/jazzy DEBUGINFOD_URLS=https://debuginfod.ubuntu.com /usr/bin/cmake --build /home/eduardobarbosa/Documents/autonomous_fighting_robot/ros2/ws_robot/build/process_node -- -j20 -l20
[0.025s] -- Found ament_cmake: 2.5.4 (/opt/ros/jazzy/share/ament_cmake/cmake)
[0.195s] -- Found rclcpp: 28.1.11 (/opt/ros/jazzy/share/rclcpp/cmake)
[0.210s] -- Found rosidl_generator_c: 4.6.6 (/opt/ros/jazzy/share/rosidl_generator_c/cmake)
[0.215s] -- Found rosidl_generator_cpp: 4.6.6 (/opt/ros/jazzy/share/rosidl_generator_cpp/cmake)
[0.222s] -- Using all available rosidl_typesupport_c: rosidl_typesupport_fastrtps_c;rosidl_typesupport_introspection_c
[0.229s] -- Using all available rosidl_typesupport_cpp: rosidl_typesupport_fastrtps_cpp;rosidl_typesupport_introspection_cpp
[0.264s] -- Found rmw_implementation_cmake: 7.3.2 (/opt/ros/jazzy/share/rmw_implementation_cmake/cmake)
[0.265s] -- Found rmw_fastrtps_cpp: 8.4.3 (/opt/ros/jazzy/share/rmw_fastrtps_cpp/cmake)
[0.312s] -- Using RMW implementation 'rmw_fastrtps_cpp' as default
[0.354s] -- Found std_msgs: 5.3.6 (/opt/ros/jazzy/share/std_msgs/cmake)
[0.361s] -- Found ament_lint_auto: 0.17.3 (/opt/ros/jazzy/share/ament_lint_auto/cmake)
[0.414s] -- Added test 'cppcheck' to perform static code analysis on C / C++ code
[0.414s] -- Configured cppcheck include dirs: 
[0.414s] -- Configured cppcheck exclude dirs and/or files: 
[0.414s] -- Added test 'lint_cmake' to check CMake code style
[0.415s] -- Added test 'uncrustify' to check C / C++ code style
[0.415s] -- Configured uncrustify additional arguments: 
[0.415s] -- Added test 'xmllint' to check XML markup files
[0.415s] -- Configuring done (0.4s)
[0.420s] -- Generating done (0.0s)
[0.422s] -- Build files have been written to: /home/eduardobarbosa/Documents/autonomous_fighting_robot/ros2/ws_robot/build/process_node
[0.456s] [100%] Built target process_node
[0.475s] Invoked command in '/home/eduardobarbosa/Documents/autonomous_fighting_robot/ros2/ws_robot/build/process_node' returned '0': CMAKE_PREFIX_PATH=${CMAKE_PREFIX_PATH}:/opt/ros/jazzy DEBUGINFOD_URLS=https://debuginfod.ubuntu.com /usr/bin/cmake --build /home/eduardobarbosa/Documents/autonomous_fighting_robot/ros2/ws_robot/build/process_node -- -j20 -l20
[0.477s] Invoking command in '/home/eduardobarbosa/Documents/autonomous_fighting_robot/ros2/ws_robot/build/process_node': CMAKE_PREFIX_PATH=${CMAKE_PREFIX_PATH}:/opt/ros/jazzy DEBUGINFOD_URLS=https://debuginfod.ubuntu.com /usr/bin/cmake --install /home/eduardobarbosa/Documents/autonomous_fighting_robot/ros2/ws_robot/build/process_node
[0.492s] -- Install configuration: ""
[0.492s] -- Up-to-date: /home/eduardobarbosa/Documents/autonomous_fighting_robot/ros2/ws_robot/install/process_node/lib/process_node/process_node
[0.492s] -- Installing: /home/eduardobarbosa/Documents/autonomous_fighting_robot/ros2/ws_robot/install/process_node/share/ament_index/resource_index/package_run_dependencies/process_node
[0.492s] -- Up-to-date: /home/eduardobarbosa/Documents/autonomous_fighting_robot/ros2/ws_robot/install/process_node/share/ament_index/resource_index/parent_prefix_path/process_node
[0.492s] -- Up-to-date: /home/eduardobarbosa/Documents/autonomous_fighting_robot/ros2/ws_robot/install/process_node/share/process_node/environment/ament_prefix_path.sh
[0.492s] -- Up-to-date: /home/eduardobarbosa/Documents/autonomous_fighting_robot/ros2/ws_robot/install/process_node/share/process_node/environment/ament_prefix_path.dsv
[0.493s] -- Up-to-date: /home/eduardobarbosa/Documents/autonomous_fighting_robot/ros2/ws_robot/install/process_node/share/process_node/environment/path.sh
[0.493s] -- Up-to-date: /home/eduardobarbosa/Documents/autonomous_fighting_robot/ros2/ws_robot/install/process_node/share/process_node/environment/path.dsv
[0.493s] -- Up-to-date: /home/eduardobarbosa/Documents/autonomous_fighting_robot/ros2/ws_robot/install/process_node/share/process_node/local_setup.bash
[0.493s] -- Up-to-date: /home/eduardobarbosa/Documents/autonomous_fighting_robot/ros2/ws_robot/install/process_node/share/process_node/local_setup.sh
[0.493s] -- Up-to-date: /home/eduardobarbosa/Documents/autonomous_fighting_robot/ros2/ws_robot/install/process_node/share/process_node/local_setup.zsh
[0.493s] -- Up-to-date: /home/eduardobarbosa/Documents/autonomous_fighting_robot/ros2/ws_robot/install/process_node/share/process_node/local_setup.dsv
[0.493s] -- Installing: /home/eduardobarbosa/Documents/autonomous_fighting_robot/ros2/ws_robot/install/process_node/share/process_node/package.dsv
[0.493s] -- Up-to-date: /home/eduardobarbosa/Documents/autonomous_fighting_robot/ros2/ws_robot/install/process_node/share/ament_index/resource_index/packages/process_node
[0.493s] -- Up-to-date: /home/eduardobarbosa/Documents/autonomous_fighting_robot/ros2/ws_robot/install/process_node/share/process_node/cmake/process_nodeConfig.cmake
[0.493s] -- Up-to-date: /home/eduardobarbosa/Documents/autonomous_fighting_robot/ros2/ws_robot/install/process_node/share/process_node/cmake/process_nodeConfig-version.cmake
[0.493s] -- Installing: /home/eduardobarbosa/Documents/autonomous_fighting_robot/ros2/ws_robot/install/process_node/share/process_node/package.xml
[0.494s] Invoked command in '/home/eduardobarbosa/Documents/autonomous_fighting_robot/ros2/ws_robot/build/process_node' returned '0': CMAKE_PREFIX_PATH=${CMAKE_PREFIX_PATH}:/opt/ros/jazzy DEBUGINFOD_URLS=https://debuginfod.ubuntu.com /usr/bin/cmake --install /home/eduardobarbosa/Documents/autonomous_fighting_robot/ros2/ws_robot/build/process_node
