[0.007s] Invoking command in '/home/eduardobarbosa/Documents/autonomous_fighting_robot/ros2/ws_robot/build/process_node': CMAKE_PREFIX_PATH=${CMAKE_PREFIX_PATH}:/opt/ros/jazzy DEBUGINFOD_URLS=https://debuginfod.ubuntu.com /usr/bin/cmake --build /home/eduardobarbosa/Documents/autonomous_fighting_robot/ros2/ws_robot/build/process_node -- -j20 -l20
[0.049s] [100%] Built target process_node
[0.057s] Invoked command in '/home/eduardobarbosa/Documents/autonomous_fighting_robot/ros2/ws_robot/build/process_node' returned '0': CMAKE_PREFIX_PATH=${CMAKE_PREFIX_PATH}:/opt/ros/jazzy DEBUGINFOD_URLS=https://debuginfod.ubuntu.com /usr/bin/cmake --build /home/eduardobarbosa/Documents/autonomous_fighting_robot/ros2/ws_robot/build/process_node -- -j20 -l20
[0.064s] Invoking command in '/home/eduardobarbosa/Documents/autonomous_fighting_robot/ros2/ws_robot/build/process_node': CMAKE_PREFIX_PATH=${CMAKE_PREFIX_PATH}:/opt/ros/jazzy DEBUGINFOD_URLS=https://debuginfod.ubuntu.com /usr/bin/cmake --install /home/eduardobarbosa/Documents/autonomous_fighting_robot/ros2/ws_robot/build/process_node
[0.069s] -- Install configuration: ""
[0.069s] -- Up-to-date: /home/eduardobarbosa/Documents/autonomous_fighting_robot/ros2/ws_robot/install/process_node/lib/process_node/process_node
[0.069s] -- Up-to-date: /home/eduardobarbosa/Documents/autonomous_fighting_robot/ros2/ws_robot/install/process_node/share/ament_index/resource_index/package_run_dependencies/process_node
[0.069s] -- Up-to-date: /home/eduardobarbosa/Documents/autonomous_fighting_robot/ros2/ws_robot/install/process_node/share/ament_index/resource_index/parent_prefix_path/process_node
[0.069s] -- Up-to-date: /home/eduardobarbosa/Documents/autonomous_fighting_robot/ros2/ws_robot/install/process_node/share/process_node/environment/ament_prefix_path.sh
[0.069s] -- Up-to-date: /home/eduardobarbosa/Documents/autonomous_fighting_robot/ros2/ws_robot/install/process_node/share/process_node/environment/ament_prefix_path.dsv
[0.069s] -- Up-to-date: /home/eduardobarbosa/Documents/autonomous_fighting_robot/ros2/ws_robot/install/process_node/share/process_node/environment/path.sh
[0.069s] -- Up-to-date: /home/eduardobarbosa/Documents/autonomous_fighting_robot/ros2/ws_robot/install/process_node/share/process_node/environment/path.dsv
[0.069s] -- Up-to-date: /home/eduardobarbosa/Documents/autonomous_fighting_robot/ros2/ws_robot/install/process_node/share/process_node/local_setup.bash
[0.069s] -- Up-to-date: /home/eduardobarbosa/Documents/autonomous_fighting_robot/ros2/ws_robot/install/process_node/share/process_node/local_setup.sh
[0.069s] -- Up-to-date: /home/eduardobarbosa/Documents/autonomous_fighting_robot/ros2/ws_robot/install/process_node/share/process_node/local_setup.zsh
[0.069s] -- Up-to-date: /home/eduardobarbosa/Documents/autonomous_fighting_robot/ros2/ws_robot/install/process_node/share/process_node/local_setup.dsv
[0.069s] -- Installing: /home/eduardobarbosa/Documents/autonomous_fighting_robot/ros2/ws_robot/install/process_node/share/process_node/package.dsv
[0.069s] -- Up-to-date: /home/eduardobarbosa/Documents/autonomous_fighting_robot/ros2/ws_robot/install/process_node/share/ament_index/resource_index/packages/process_node
[0.070s] -- Up-to-date: /home/eduardobarbosa/Documents/autonomous_fighting_robot/ros2/ws_robot/install/process_node/share/process_node/cmake/process_nodeConfig.cmake
[0.070s] -- Up-to-date: /home/eduardobarbosa/Documents/autonomous_fighting_robot/ros2/ws_robot/install/process_node/share/process_node/cmake/process_nodeConfig-version.cmake
[0.070s] -- Up-to-date: /home/eduardobarbosa/Documents/autonomous_fighting_robot/ros2/ws_robot/install/process_node/share/process_node/package.xml
[0.071s] Invoked command in '/home/eduardobarbosa/Documents/autonomous_fighting_robot/ros2/ws_robot/build/process_node' returned '0': CMAKE_PREFIX_PATH=${CMAKE_PREFIX_PATH}:/opt/ros/jazzy DEBUGINFOD_URLS=https://debuginfod.ubuntu.com /usr/bin/cmake --install /home/eduardobarbosa/Documents/autonomous_fighting_robot/ros2/ws_robot/build/process_node
