[0.006s] Invoking command in '/home/eduardobarbosa/Documents/autonomous_fighting_robot/ros2/ws_robot/build/sensores_robot': DEBUGINFOD_URLS=https://debuginfod.ubuntu.com /usr/bin/cmake /home/eduardobarbosa/Documents/autonomous_fighting_robot/ros2/ws_robot/src/sensores_robot -DCMAKE_INSTALL_PREFIX=/home/eduardobarbosa/Documents/autonomous_fighting_robot/ros2/ws_robot/install/sensores_robot
[0.097s] -- The C compiler identification is GNU 13.3.0
[0.176s] -- The CXX compiler identification is GNU 13.3.0
[0.192s] -- Detecting C compiler ABI info
[0.255s] -- Detecting C compiler ABI info - done
[0.260s] -- Check for working C compiler: /usr/bin/cc - skipped
[0.261s] -- Detecting C compile features
[0.261s] -- Detecting C compile features - done
[0.272s] -- Detecting CXX compiler ABI info
[0.411s] -- Detecting CXX compiler ABI info - done
[0.416s] -- Check for working CXX compiler: /usr/bin/c++ - skipped
[0.416s] -- Detecting CXX compile features
[0.417s] -- Detecting CXX compile features - done
[0.446s] -- Found ament_cmake: 2.5.4 (/opt/ros/jazzy/share/ament_cmake/cmake)
[0.592s] -- Found Python3: /usr/bin/python3 (found version "3.12.3") found components: Interpreter 
[0.682s] -- Found rclcpp: 28.1.11 (/opt/ros/jazzy/share/rclcpp/cmake)
[0.742s] -- Found rosidl_generator_c: 4.6.6 (/opt/ros/jazzy/share/rosidl_generator_c/cmake)
[0.754s] -- Found rosidl_generator_cpp: 4.6.6 (/opt/ros/jazzy/share/rosidl_generator_cpp/cmake)
[0.772s] -- Using all available rosidl_typesupport_c: rosidl_typesupport_fastrtps_c;rosidl_typesupport_introspection_c
[0.787s] -- Using all available rosidl_typesupport_cpp: rosidl_typesupport_fastrtps_cpp;rosidl_typesupport_introspection_cpp
[0.854s] -- Found rmw_implementation_cmake: 7.3.2 (/opt/ros/jazzy/share/rmw_implementation_cmake/cmake)
[0.857s] -- Found rmw_fastrtps_cpp: 8.4.3 (/opt/ros/jazzy/share/rmw_fastrtps_cpp/cmake)
[0.971s] -- Found OpenSSL: /usr/lib/x86_64-linux-gnu/libcrypto.so (found version "3.0.13")  
[0.995s] -- Found FastRTPS: /opt/ros/jazzy/include (Required is at least version "2.13") 
[1.021s] -- Using RMW implementation 'rmw_fastrtps_cpp' as default
[1.097s] -- Found std_msgs: 5.3.6 (/opt/ros/jazzy/share/std_msgs/cmake)
[1.154s] Error parsing '/home/eduardobarbosa/Documents/autonomous_fighting_robot/ros2/ws_robot/src/sensores_robot/package.xml':
[3.087s] Traceback (most recent call last):
[3.087s]   File "/opt/ros/jazzy/share/ament_cmake_core/cmake/core/package_xml_2_cmake.py", line 150, in <module>
[3.087s]     main()
[3.087s]   File "/opt/ros/jazzy/share/ament_cmake_core/cmake/core/package_xml_2_cmake.py", line 53, in main
[3.087s]     raise e
[3.087s]   File "/opt/ros/jazzy/share/ament_cmake_core/cmake/core/package_xml_2_cmake.py", line 49, in main
[3.087s]     package = parse_package_string(
[3.087s]               ^^^^^^^^^^^^^^^^^^^^^
[3.087s]   File "/usr/lib/python3/dist-packages/catkin_pkg/package.py", line 786, in parse_package_string
[3.087s]     raise InvalidPackage('Error(s):%s' % (''.join(['\n- %s' % e for e in errors])), filename)
[3.087s] catkin_pkg.package.InvalidPackage: Error(s) in package '/home/eduardobarbosa/Documents/autonomous_fighting_robot/ros2/ws_robot/src/sensores_robot/package.xml':
[3.087s] Error(s):
[3.087s] - The generic dependency on 'rclcpp' is redundant with: exec_depend
[3.087s] - The generic dependency on 'std_msgs' is redundant with: exec_depend
[3.108s] [31mCMake Error at /opt/ros/jazzy/share/ament_cmake_core/cmake/core/ament_package_xml.cmake:95 (message):
[3.108s]   execute_process(/usr/bin/python3
[3.108s]   /opt/ros/jazzy/share/ament_cmake_core/cmake/core/package_xml_2_cmake.py
[3.108s]   /home/eduardobarbosa/Documents/autonomous_fighting_robot/ros2/ws_robot/src/sensores_robot/package.xml
[3.108s]   /home/eduardobarbosa/Documents/autonomous_fighting_robot/ros2/ws_robot/build/sensores_robot/ament_cmake_core/package.cmake)
[3.108s]   returned error code 1
[3.108s] Call Stack (most recent call first):
[3.108s]   /opt/ros/jazzy/share/ament_cmake_core/cmake/core/ament_package_xml.cmake:49 (_ament_package_xml)
[3.108s]   /opt/ros/jazzy/share/ament_cmake_core/cmake/core/ament_package.cmake:63 (ament_package_xml)
[3.108s]   CMakeLists.txt:22 (ament_package)
[3.108s] 
[3.108s] [0m
[3.108s] -- Configuring incomplete, errors occurred!
[3.114s] Invoked command in '/home/eduardobarbosa/Documents/autonomous_fighting_robot/ros2/ws_robot/build/sensores_robot' returned '1': DEBUGINFOD_URLS=https://debuginfod.ubuntu.com /usr/bin/cmake /home/eduardobarbosa/Documents/autonomous_fighting_robot/ros2/ws_robot/src/sensores_robot -DCMAKE_INSTALL_PREFIX=/home/eduardobarbosa/Documents/autonomous_fighting_robot/ros2/ws_robot/install/sensores_robot
