[0.006s] Invoking command in '/home/eduardobarbosa/Documents/autonomous_fighting_robot/ros2/ws_robot/build/sensores_robot': CMAKE_PREFIX_PATH=${CMAKE_PREFIX_PATH}:/opt/ros/jazzy DEBUGINFOD_URLS=https://debuginfod.ubuntu.com /usr/bin/cmake --build /home/eduardobarbosa/Documents/autonomous_fighting_robot/ros2/ws_robot/build/sensores_robot -- -j20 -l20
[0.045s] [ 50%] Built target sensores_reflectancia_node
[0.047s] [100%] Built target sensores_distancia_node
[0.071s] Invoked command in '/home/eduardobarbosa/Documents/autonomous_fighting_robot/ros2/ws_robot/build/sensores_robot' returned '0': CMAKE_PREFIX_PATH=${CMAKE_PREFIX_PATH}:/opt/ros/jazzy DEBUGINFOD_URLS=https://debuginfod.ubuntu.com /usr/bin/cmake --build /home/eduardobarbosa/Documents/autonomous_fighting_robot/ros2/ws_robot/build/sensores_robot -- -j20 -l20
[0.072s] Invoking command in '/home/eduardobarbosa/Documents/autonomous_fighting_robot/ros2/ws_robot/build/sensores_robot': CMAKE_PREFIX_PATH=${CMAKE_PREFIX_PATH}:/opt/ros/jazzy DEBUGINFOD_URLS=https://debuginfod.ubuntu.com /usr/bin/cmake --install /home/eduardobarbosa/Documents/autonomous_fighting_robot/ros2/ws_robot/build/sensores_robot
[0.081s] -- Install configuration: ""
[0.082s] -- Up-to-date: /home/eduardobarbosa/Documents/autonomous_fighting_robot/ros2/ws_robot/install/sensores_robot/lib/sensores_robot/sensores_distancia_node
[0.082s] -- Up-to-date: /home/eduardobarbosa/Documents/autonomous_fighting_robot/ros2/ws_robot/install/sensores_robot/lib/sensores_robot/sensores_reflectancia_node
[0.082s] -- Up-to-date: /home/eduardobarbosa/Documents/autonomous_fighting_robot/ros2/ws_robot/install/sensores_robot/share/ament_index/resource_index/package_run_dependencies/sensores_robot
[0.082s] -- Up-to-date: /home/eduardobarbosa/Documents/autonomous_fighting_robot/ros2/ws_robot/install/sensores_robot/share/ament_index/resource_index/parent_prefix_path/sensores_robot
[0.082s] -- Up-to-date: /home/eduardobarbosa/Documents/autonomous_fighting_robot/ros2/ws_robot/install/sensores_robot/share/sensores_robot/environment/ament_prefix_path.sh
[0.083s] -- Up-to-date: /home/eduardobarbosa/Documents/autonomous_fighting_robot/ros2/ws_robot/install/sensores_robot/share/sensores_robot/environment/ament_prefix_path.dsv
[0.083s] -- Up-to-date: /home/eduardobarbosa/Documents/autonomous_fighting_robot/ros2/ws_robot/install/sensores_robot/share/sensores_robot/environment/path.sh
[0.083s] -- Up-to-date: /home/eduardobarbosa/Documents/autonomous_fighting_robot/ros2/ws_robot/install/sensores_robot/share/sensores_robot/environment/path.dsv
[0.083s] -- Up-to-date: /home/eduardobarbosa/Documents/autonomous_fighting_robot/ros2/ws_robot/install/sensores_robot/share/sensores_robot/local_setup.bash
[0.083s] -- Up-to-date: /home/eduardobarbosa/Documents/autonomous_fighting_robot/ros2/ws_robot/install/sensores_robot/share/sensores_robot/local_setup.sh
[0.083s] -- Up-to-date: /home/eduardobarbosa/Documents/autonomous_fighting_robot/ros2/ws_robot/install/sensores_robot/share/sensores_robot/local_setup.zsh
[0.083s] -- Up-to-date: /home/eduardobarbosa/Documents/autonomous_fighting_robot/ros2/ws_robot/install/sensores_robot/share/sensores_robot/local_setup.dsv
[0.083s] -- Installing: /home/eduardobarbosa/Documents/autonomous_fighting_robot/ros2/ws_robot/install/sensores_robot/share/sensores_robot/package.dsv
[0.083s] -- Up-to-date: /home/eduardobarbosa/Documents/autonomous_fighting_robot/ros2/ws_robot/install/sensores_robot/share/ament_index/resource_index/packages/sensores_robot
[0.083s] -- Up-to-date: /home/eduardobarbosa/Documents/autonomous_fighting_robot/ros2/ws_robot/install/sensores_robot/share/sensores_robot/cmake/sensores_robotConfig.cmake
[0.083s] -- Up-to-date: /home/eduardobarbosa/Documents/autonomous_fighting_robot/ros2/ws_robot/install/sensores_robot/share/sensores_robot/cmake/sensores_robotConfig-version.cmake
[0.083s] -- Up-to-date: /home/eduardobarbosa/Documents/autonomous_fighting_robot/ros2/ws_robot/install/sensores_robot/share/sensores_robot/package.xml
[0.094s] Invoked command in '/home/eduardobarbosa/Documents/autonomous_fighting_robot/ros2/ws_robot/build/sensores_robot' returned '0': CMAKE_PREFIX_PATH=${CMAKE_PREFIX_PATH}:/opt/ros/jazzy DEBUGINFOD_URLS=https://debuginfod.ubuntu.com /usr/bin/cmake --install /home/eduardobarbosa/Documents/autonomous_fighting_robot/ros2/ws_robot/build/sensores_robot
